<?xml version="1.0" encoding="UTF-8"?>
<!-- Generated by org.testng.reporters.JUnitReportReporter -->
<testsuite hostname="DESKTOP-MLALT99" failures="0" tests="1" name="MavenTestCases.Tc_login_002" time="0.000" errors="0" timestamp="2023-04-22T04:56:26 IST" skipped="1">
  <testcase classname="MavenTestCases.Tc_login_002" name="LoginDDT" time="0.000">
    <skipped/>
  </testcase> <!-- LoginDDT -->
  <system-out/>
</testsuite> <!-- MavenTestCases.Tc_login_002 -->
