<?xml version="1.0" encoding="UTF-8"?>
<!-- Generated by org.testng.reporters.JUnitReportReporter -->
<testsuite hostname="DESKTOP-MLALT99" failures="0" tests="1" name="MavenTestCases.UpdateNaukariProfile" time="72.327" errors="0" timestamp="2023-09-12T15:30:55 IST" skipped="0">
  <testcase classname="MavenTestCases.UpdateNaukariProfile" name="updateNaukari" time="72.327"/>
  <system-out/>
</testsuite> <!-- MavenTestCases.UpdateNaukariProfile -->
