<?xml version="1.0" encoding="UTF-8"?>
<!-- Generated by org.testng.reporters.JUnitReportReporter -->
<testsuite hostname="DESKTOP-MLALT99" failures="0" tests="2" name="MavenAutomation.AppTest" time="0.033" errors="0" timestamp="2023-03-21T08:00:40 IST" skipped="0">
  <testcase classname="MavenAutomation.AppTest" name="testLogin1" time="0.030"/>
  <system-out/>
  <testcase classname="MavenAutomation.AppTest" name="testLogin2" time="0.003"/>
  <system-out/>
</testsuite> <!-- MavenAutomation.AppTest -->
