<?xml version="1.0" encoding="UTF-8"?>
<!-- Generated by org.testng.reporters.JUnitReportReporter -->
<testsuite hostname="DESKTOP-MLALT99" failures="0" tests="1" name="MavenAutomation.GoogleSearch" time="51.022" errors="0" timestamp="2023-03-23T06:08:22 IST" skipped="0">
  <testcase classname="MavenAutomation.GoogleSearch" name="GoogleSeatchTest" time="51.022"/>
  <system-out/>
</testsuite> <!-- MavenAutomation.GoogleSearch -->
