<?xml version="1.0" encoding="UTF-8"?>
<!-- Generated by org.testng.reporters.JUnitReportReporter -->
<testsuite hostname="DESKTOP-MLALT99" failures="0" tests="1" name="MavenTestCases.waitsample" time="158.600" errors="0" timestamp="2023-08-21T15:07:15 IST" skipped="0">
  <testcase classname="MavenTestCases.waitsample" name="impleciteWait" time="158.600"/>
  <system-out/>
</testsuite> <!-- MavenTestCases.waitsample -->
