<?xml version="1.0" encoding="UTF-8"?>
<!-- Generated by org.testng.reporters.JUnitReportReporter -->
<testsuite hostname="DESKTOP-MLALT99" failures="0" tests="1" name="MavenTestCases.TC_Login_001" time="7.414" errors="0" timestamp="2023-04-20T19:54:46 IST" skipped="0">
  <testcase classname="MavenTestCases.TC_Login_001" name="LoginTest" time="7.414"/>
  <system-out/>
</testsuite> <!-- MavenTestCases.TC_Login_001 -->
