<?xml version="1.0" encoding="UTF-8"?>
<!-- Generated by org.testng.reporters.JUnitReportReporter -->
<testsuite hostname="DESKTOP-MLALT99" failures="0" tests="1" name="MavenTestCases.Practice" time="64.895" errors="0" timestamp="2023-09-15T07:17:21 IST" skipped="0">
  <testcase classname="MavenTestCases.Practice" name="ExpliciteWait" time="64.895"/>
  <system-out/>
</testsuite> <!-- MavenTestCases.Practice -->
