<?xml version="1.0" encoding="UTF-8"?>
<!-- Generated by org.testng.reporters.JUnitReportReporter -->
<testsuite hostname="DESKTOP-MLALT99" failures="0" tests="1" name="MavenTestCases.Xpath2" time="152.117" errors="0" timestamp="2023-07-12T06:43:23 IST" skipped="0">
  <testcase classname="MavenTestCases.Xpath2" name="webTable1" time="152.117"/>
  <system-out/>
</testsuite> <!-- MavenTestCases.Xpath2 -->
