<?xml version="1.0" encoding="UTF-8"?>
<!-- Generated by org.testng.reporters.JUnitReportReporter -->
<testsuite hostname="DESKTOP-MLALT99" failures="0" tests="1" name="MavenTestCases.element" time="63.540" errors="0" timestamp="2023-07-09T15:51:29 IST" skipped="0">
  <testcase classname="MavenTestCases.element" name="Table" time="63.540"/>
  <system-out/>
</testsuite> <!-- MavenTestCases.element -->
